2024-11-15 16:02:10,285 - data_fetcher - INFO - Updating canteen data...
2024-11-15 16:02:10,350 - data_fetcher - INFO - Successfully fetched canteen data from TUM API: 200
2024-11-15 16:02:10,351 - data_fetcher - INFO - Storing canteen data...
2024-11-15 16:02:10,376 - data_fetcher - INFO - Added 2 canteen images for Arcisstraße
2024-11-15 16:02:10,390 - data_fetcher - INFO - Added 2 canteen images for Garching
2024-11-15 16:02:10,398 - data_fetcher - INFO - Added 2 canteen images for Leopoldstraße
2024-11-15 16:02:10,404 - data_fetcher - INFO - Added 2 canteen images for Lothstraße
2024-11-15 16:02:10,411 - data_fetcher - INFO - Added 2 canteen images for Martinsried
2024-11-15 16:02:10,418 - data_fetcher - INFO - Added 1 canteen images for Pasing
2024-11-15 16:02:10,425 - data_fetcher - INFO - Added 2 canteen images for Weihenstephan
2024-11-15 16:02:10,431 - data_fetcher - INFO - Added 1 canteen images for Arcisstraße
2024-11-15 16:02:10,438 - data_fetcher - INFO - Added 0 canteen images for Goethestraße
2024-11-15 16:02:10,444 - data_fetcher - INFO - Added 0 canteen images for Butenandstraße
2024-11-15 16:02:10,449 - data_fetcher - INFO - Added 0 canteen images for Rosenheim
2024-11-15 16:02:10,454 - data_fetcher - INFO - Added 0 canteen images for Schellingstraße
2024-11-15 16:02:10,459 - data_fetcher - INFO - Added 0 canteen images for Martinsried
2024-11-15 16:02:10,463 - data_fetcher - INFO - Added 0 canteen images for Adalbertstraße
2024-11-15 16:02:10,468 - data_fetcher - INFO - Added 0 canteen images for Akademie Weihenstephan
2024-11-15 16:02:10,471 - data_fetcher - INFO - Added 0 canteen images for Weihenstephan-Maximus
2024-11-15 16:02:10,475 - data_fetcher - INFO - Added 0 canteen images for Boltzmannstraße
2024-11-15 16:02:10,478 - data_fetcher - INFO - Added 0 canteen images for Connollystraße
2024-11-15 16:02:10,482 - data_fetcher - INFO - Added 0 canteen images for Garching
2024-11-15 16:02:10,486 - data_fetcher - INFO - Added 0 canteen images for Karlstraße
2024-11-15 16:02:10,489 - data_fetcher - INFO - Added 0 canteen images for Pasing
2024-11-15 16:02:10,493 - data_fetcher - INFO - Added 0 canteen images for IPP Garching
2024-11-15 16:02:10,496 - data_fetcher - INFO - Added 0 canteen images for FMI Garching
2024-11-15 16:02:10,500 - data_fetcher - INFO - Added 0 canteen images for Mediziner
2024-11-15 16:02:10,504 - data_fetcher - INFO - Added 0 canteen images for Straubing
2024-11-15 16:02:10,507 - data_fetcher - INFO - Added 0 canteen images for Buildungscampus Heilbronn
2024-11-15 16:02:10,510 - data_fetcher - INFO - Canteen data updated successfully!
2024-11-15 16:02:10,569 - data_fetcher - INFO - Successfully fetched menu data from TUM API: 200
2024-11-15 16:02:10,570 - data_fetcher - INFO - Storing menu data for canteen mensa-arcisstr
2024-11-15 16:02:10,570 - data_fetcher - INFO - Storing menu data for canteen mensa-arcisstr for week 46 of year 2024
2024-11-15 16:02:10,593 - data_fetcher - INFO - Menu data stored successfully.
2024-11-15 16:02:10,652 - data_fetcher - INFO - Successfully fetched menu data from TUM API: 200
2024-11-15 16:02:10,652 - data_fetcher - INFO - Storing menu data for canteen mensa-arcisstr
2024-11-15 16:02:10,653 - data_fetcher - INFO - Storing menu data for canteen mensa-arcisstr for week 47 of year 2024
2024-11-15 16:02:10,711 - data_fetcher - INFO - Menu data stored successfully.
2024-11-15 16:02:10,765 - data_fetcher - INFO - Successfully fetched menu data from TUM API: 200
2024-11-15 16:02:10,765 - data_fetcher - INFO - Storing menu data for canteen mensa-arcisstr
2024-11-15 16:02:10,765 - data_fetcher - INFO - Storing menu data for canteen mensa-arcisstr for week 48 of year 2024
2024-11-15 16:02:10,808 - data_fetcher - INFO - Menu data stored successfully.
2024-11-15 16:02:10,873 - data_fetcher - INFO - Successfully fetched menu data from TUM API: 200
2024-11-15 16:02:10,873 - data_fetcher - INFO - Storing menu data for canteen mensa-leopoldstr
2024-11-15 16:02:10,874 - data_fetcher - INFO - Storing menu data for canteen mensa-leopoldstr for week 46 of year 2024
2024-11-15 16:02:10,895 - data_fetcher - INFO - Menu data stored successfully.
2024-11-15 16:02:10,957 - data_fetcher - INFO - Successfully fetched menu data from TUM API: 200
2024-11-15 16:02:10,958 - data_fetcher - INFO - Storing menu data for canteen mensa-leopoldstr
2024-11-15 16:02:10,958 - data_fetcher - INFO - Storing menu data for canteen mensa-leopoldstr for week 47 of year 2024
2024-11-15 16:02:11,016 - data_fetcher - INFO - Menu data stored successfully.
2024-11-15 16:02:11,078 - data_fetcher - INFO - Successfully fetched menu data from TUM API: 200
2024-11-15 16:02:11,078 - data_fetcher - INFO - Storing menu data for canteen mensa-leopoldstr
2024-11-15 16:02:11,078 - data_fetcher - INFO - Storing menu data for canteen mensa-leopoldstr for week 48 of year 2024
2024-11-15 16:02:11,129 - data_fetcher - INFO - Menu data stored successfully.
2024-11-15 16:02:11,191 - data_fetcher - INFO - Successfully fetched menu data from TUM API: 200
2024-11-15 16:02:11,191 - data_fetcher - INFO - Storing menu data for canteen stubistro-schellingstr
2024-11-15 16:02:11,191 - data_fetcher - INFO - Storing menu data for canteen stubistro-schellingstr for week 46 of year 2024
2024-11-15 16:02:11,200 - data_fetcher - INFO - Menu data stored successfully.
2024-11-15 16:02:11,265 - data_fetcher - INFO - Successfully fetched menu data from TUM API: 200
2024-11-15 16:02:11,265 - data_fetcher - INFO - Storing menu data for canteen stubistro-schellingstr
2024-11-15 16:02:11,266 - data_fetcher - INFO - Storing menu data for canteen stubistro-schellingstr for week 47 of year 2024
2024-11-15 16:02:11,288 - data_fetcher - INFO - Menu data stored successfully.
2024-11-15 16:02:11,352 - data_fetcher - INFO - Successfully fetched menu data from TUM API: 200
2024-11-15 16:02:11,352 - data_fetcher - INFO - Storing menu data for canteen stubistro-schellingstr
2024-11-15 16:02:11,353 - data_fetcher - INFO - Storing menu data for canteen stubistro-schellingstr for week 48 of year 2024
2024-11-15 16:02:11,371 - data_fetcher - INFO - Menu data stored successfully.
2024-11-15 16:06:04,979 - data_fetcher - INFO - Updating canteen data...
2024-11-15 16:06:05,044 - data_fetcher - INFO - Successfully fetched canteen data from TUM API: 200
2024-11-15 16:06:05,045 - data_fetcher - INFO - Storing canteen data...
2024-11-15 16:06:05,068 - data_fetcher - INFO - Added 2 canteen images for Arcisstraße
2024-11-15 16:06:05,081 - data_fetcher - INFO - Added 2 canteen images for Garching
2024-11-15 16:06:05,087 - data_fetcher - INFO - Added 2 canteen images for Leopoldstraße
2024-11-15 16:06:05,093 - data_fetcher - INFO - Added 2 canteen images for Lothstraße
2024-11-15 16:06:05,099 - data_fetcher - INFO - Added 2 canteen images for Martinsried
2024-11-15 16:06:05,104 - data_fetcher - INFO - Added 1 canteen images for Pasing
2024-11-15 16:06:05,109 - data_fetcher - INFO - Added 2 canteen images for Weihenstephan
2024-11-15 16:06:05,115 - data_fetcher - INFO - Added 1 canteen images for Arcisstraße
2024-11-15 16:06:05,119 - data_fetcher - INFO - Added 0 canteen images for Goethestraße
2024-11-15 16:06:05,124 - data_fetcher - INFO - Added 0 canteen images for Butenandstraße
2024-11-15 16:06:05,129 - data_fetcher - INFO - Added 0 canteen images for Rosenheim
2024-11-15 16:06:05,133 - data_fetcher - INFO - Added 0 canteen images for Schellingstraße
2024-11-15 16:06:05,138 - data_fetcher - INFO - Added 0 canteen images for Martinsried
2024-11-15 16:06:05,144 - data_fetcher - INFO - Added 0 canteen images for Adalbertstraße
2024-11-15 16:06:05,148 - data_fetcher - INFO - Added 0 canteen images for Akademie Weihenstephan
2024-11-15 16:06:05,153 - data_fetcher - INFO - Added 0 canteen images for Weihenstephan-Maximus
2024-11-15 16:06:05,160 - data_fetcher - INFO - Added 0 canteen images for Boltzmannstraße
2024-11-15 16:06:05,165 - data_fetcher - INFO - Added 0 canteen images for Connollystraße
2024-11-15 16:06:05,170 - data_fetcher - INFO - Added 0 canteen images for Garching
2024-11-15 16:06:05,175 - data_fetcher - INFO - Added 0 canteen images for Karlstraße
2024-11-15 16:06:05,180 - data_fetcher - INFO - Added 0 canteen images for Pasing
2024-11-15 16:06:05,189 - data_fetcher - INFO - Added 0 canteen images for IPP Garching
2024-11-15 16:06:05,199 - data_fetcher - INFO - Added 0 canteen images for FMI Garching
2024-11-15 16:06:05,205 - data_fetcher - INFO - Added 0 canteen images for Mediziner
2024-11-15 16:06:05,211 - data_fetcher - INFO - Added 0 canteen images for Straubing
2024-11-15 16:06:05,216 - data_fetcher - INFO - Added 0 canteen images for Buildungscampus Heilbronn
2024-11-15 16:06:05,220 - data_fetcher - INFO - Canteen data updated successfully!
2024-11-15 16:06:05,281 - data_fetcher - INFO - Successfully fetched menu data from TUM API: 200
2024-11-15 16:06:05,281 - data_fetcher - INFO - Storing menu data for canteen mensa-arcisstr
2024-11-15 16:06:05,281 - data_fetcher - INFO - Storing menu data for canteen mensa-arcisstr for week 46 of year 2024
2024-11-15 16:06:05,305 - data_fetcher - INFO - Menu data stored successfully.
2024-11-15 16:06:05,366 - data_fetcher - INFO - Successfully fetched menu data from TUM API: 200
2024-11-15 16:06:05,366 - data_fetcher - INFO - Storing menu data for canteen mensa-arcisstr
2024-11-15 16:06:05,366 - data_fetcher - INFO - Storing menu data for canteen mensa-arcisstr for week 47 of year 2024
2024-11-15 16:06:05,427 - data_fetcher - INFO - Menu data stored successfully.
2024-11-15 16:06:05,603 - data_fetcher - INFO - Successfully fetched menu data from TUM API: 200
2024-11-15 16:06:05,603 - data_fetcher - INFO - Storing menu data for canteen mensa-arcisstr
2024-11-15 16:06:05,604 - data_fetcher - INFO - Storing menu data for canteen mensa-arcisstr for week 48 of year 2024
2024-11-15 16:06:05,651 - data_fetcher - INFO - Menu data stored successfully.
2024-11-15 16:06:05,713 - data_fetcher - INFO - Successfully fetched menu data from TUM API: 200
2024-11-15 16:06:05,714 - data_fetcher - INFO - Storing menu data for canteen mensa-leopoldstr
2024-11-15 16:06:05,714 - data_fetcher - INFO - Storing menu data for canteen mensa-leopoldstr for week 46 of year 2024
2024-11-15 16:06:05,734 - data_fetcher - INFO - Menu data stored successfully.
2024-11-15 16:06:05,796 - data_fetcher - INFO - Successfully fetched menu data from TUM API: 200
2024-11-15 16:06:05,796 - data_fetcher - INFO - Storing menu data for canteen mensa-leopoldstr
2024-11-15 16:06:05,796 - data_fetcher - INFO - Storing menu data for canteen mensa-leopoldstr for week 47 of year 2024
2024-11-15 16:06:05,858 - data_fetcher - INFO - Menu data stored successfully.
2024-11-15 16:06:06,024 - data_fetcher - INFO - Successfully fetched menu data from TUM API: 200
2024-11-15 16:06:06,025 - data_fetcher - INFO - Storing menu data for canteen mensa-leopoldstr
2024-11-15 16:06:06,025 - data_fetcher - INFO - Storing menu data for canteen mensa-leopoldstr for week 48 of year 2024
2024-11-15 16:06:06,080 - data_fetcher - INFO - Menu data stored successfully.
2024-11-15 16:06:06,141 - data_fetcher - INFO - Successfully fetched menu data from TUM API: 200
2024-11-15 16:06:06,141 - data_fetcher - INFO - Storing menu data for canteen stubistro-schellingstr
2024-11-15 16:06:06,141 - data_fetcher - INFO - Storing menu data for canteen stubistro-schellingstr for week 46 of year 2024
2024-11-15 16:06:06,151 - data_fetcher - INFO - Menu data stored successfully.
2024-11-15 16:06:06,214 - data_fetcher - INFO - Successfully fetched menu data from TUM API: 200
2024-11-15 16:06:06,215 - data_fetcher - INFO - Storing menu data for canteen stubistro-schellingstr
2024-11-15 16:06:06,215 - data_fetcher - INFO - Storing menu data for canteen stubistro-schellingstr for week 47 of year 2024
2024-11-15 16:06:06,234 - data_fetcher - INFO - Menu data stored successfully.
2024-11-15 16:06:06,403 - data_fetcher - INFO - Successfully fetched menu data from TUM API: 200
2024-11-15 16:06:06,404 - data_fetcher - INFO - Storing menu data for canteen stubistro-schellingstr
2024-11-15 16:06:06,404 - data_fetcher - INFO - Storing menu data for canteen stubistro-schellingstr for week 48 of year 2024
2024-11-15 16:06:06,426 - data_fetcher - INFO - Menu data stored successfully.
2024-11-15 16:08:01,919 - data_fetcher - INFO - Updating canteen data...
2024-11-15 16:08:01,979 - data_fetcher - INFO - Successfully fetched canteen data from TUM API: 200
2024-11-15 16:08:01,980 - data_fetcher - INFO - Storing canteen data...
2024-11-15 16:08:02,002 - data_fetcher - ERROR - Error while storing canteen data: invalid literal for int() with base 10: 'Store'
2024-11-15 16:08:02,002 - data_fetcher - ERROR - Error while updating canteen database: Error while storing canteen data: invalid literal for int() with base 10: 'Store'
2024-11-15 16:08:02,164 - data_fetcher - INFO - Successfully fetched menu data from TUM API: 200
2024-11-15 16:08:02,165 - data_fetcher - INFO - Storing menu data for canteen mensa-arcisstr
2024-11-15 16:08:02,165 - data_fetcher - INFO - Storing menu data for canteen mensa-arcisstr for week 46 of year 2024
2024-11-15 16:08:02,190 - data_fetcher - INFO - Menu data stored successfully.
2024-11-15 16:08:02,371 - data_fetcher - INFO - Successfully fetched menu data from TUM API: 200
2024-11-15 16:08:02,372 - data_fetcher - INFO - Storing menu data for canteen mensa-arcisstr
2024-11-15 16:08:02,372 - data_fetcher - INFO - Storing menu data for canteen mensa-arcisstr for week 47 of year 2024
2024-11-15 16:08:02,448 - data_fetcher - INFO - Menu data stored successfully.
2024-11-15 16:08:02,513 - data_fetcher - INFO - Successfully fetched menu data from TUM API: 200
2024-11-15 16:08:02,514 - data_fetcher - INFO - Storing menu data for canteen mensa-arcisstr
2024-11-15 16:08:02,514 - data_fetcher - INFO - Storing menu data for canteen mensa-arcisstr for week 48 of year 2024
2024-11-15 16:08:02,564 - data_fetcher - INFO - Menu data stored successfully.
2024-11-15 16:08:02,626 - data_fetcher - INFO - Successfully fetched menu data from TUM API: 200
2024-11-15 16:08:02,626 - data_fetcher - INFO - Storing menu data for canteen mensa-leopoldstr
2024-11-15 16:08:02,626 - data_fetcher - INFO - Storing menu data for canteen mensa-leopoldstr for week 46 of year 2024
2024-11-15 16:08:02,653 - data_fetcher - INFO - Menu data stored successfully.
2024-11-15 16:08:02,724 - data_fetcher - INFO - Successfully fetched menu data from TUM API: 200
2024-11-15 16:08:02,724 - data_fetcher - INFO - Storing menu data for canteen mensa-leopoldstr
2024-11-15 16:08:02,725 - data_fetcher - INFO - Storing menu data for canteen mensa-leopoldstr for week 47 of year 2024
2024-11-15 16:08:02,809 - data_fetcher - INFO - Menu data stored successfully.
2024-11-15 16:08:02,869 - data_fetcher - INFO - Successfully fetched menu data from TUM API: 200
2024-11-15 16:08:02,871 - data_fetcher - INFO - Storing menu data for canteen mensa-leopoldstr
2024-11-15 16:08:02,871 - data_fetcher - INFO - Storing menu data for canteen mensa-leopoldstr for week 48 of year 2024
2024-11-15 16:08:02,958 - data_fetcher - INFO - Menu data stored successfully.
2024-11-15 16:08:03,016 - data_fetcher - INFO - Successfully fetched menu data from TUM API: 200
2024-11-15 16:08:03,016 - data_fetcher - INFO - Storing menu data for canteen stubistro-schellingstr
2024-11-15 16:08:03,017 - data_fetcher - INFO - Storing menu data for canteen stubistro-schellingstr for week 46 of year 2024
2024-11-15 16:08:03,034 - data_fetcher - INFO - Menu data stored successfully.
2024-11-15 16:08:03,101 - data_fetcher - INFO - Successfully fetched menu data from TUM API: 200
2024-11-15 16:08:03,102 - data_fetcher - INFO - Storing menu data for canteen stubistro-schellingstr
2024-11-15 16:08:03,102 - data_fetcher - INFO - Storing menu data for canteen stubistro-schellingstr for week 47 of year 2024
2024-11-15 16:08:03,130 - data_fetcher - INFO - Menu data stored successfully.
2024-11-15 16:08:03,196 - data_fetcher - INFO - Successfully fetched menu data from TUM API: 200
2024-11-15 16:08:03,197 - data_fetcher - INFO - Storing menu data for canteen stubistro-schellingstr
2024-11-15 16:08:03,197 - data_fetcher - INFO - Storing menu data for canteen stubistro-schellingstr for week 48 of year 2024
2024-11-15 16:08:03,217 - data_fetcher - INFO - Menu data stored successfully.
2024-11-15 16:10:09,587 - data_fetcher - INFO - Updating canteen data...
2024-11-15 16:10:09,649 - data_fetcher - INFO - Successfully fetched canteen data from TUM API: 200
2024-11-15 16:10:09,650 - data_fetcher - INFO - Storing canteen data...
2024-11-15 16:10:09,668 - data_fetcher - INFO - Added 2 canteen images for Arcisstraße
2024-11-15 16:10:09,680 - data_fetcher - INFO - Added 2 canteen images for Garching
2024-11-15 16:10:09,686 - data_fetcher - INFO - Added 2 canteen images for Leopoldstraße
2024-11-15 16:10:09,692 - data_fetcher - INFO - Added 2 canteen images for Lothstraße
2024-11-15 16:10:09,699 - data_fetcher - INFO - Added 2 canteen images for Martinsried
2024-11-15 16:10:09,707 - data_fetcher - INFO - Added 1 canteen images for Pasing
2024-11-15 16:10:09,714 - data_fetcher - INFO - Added 2 canteen images for Weihenstephan
2024-11-15 16:10:09,720 - data_fetcher - INFO - Added 1 canteen images for Arcisstraße
2024-11-15 16:10:09,725 - data_fetcher - INFO - Added 0 canteen images for Goethestraße
2024-11-15 16:10:09,730 - data_fetcher - INFO - Added 0 canteen images for Butenandstraße
2024-11-15 16:10:09,735 - data_fetcher - INFO - Added 0 canteen images for Rosenheim
2024-11-15 16:10:09,739 - data_fetcher - INFO - Added 0 canteen images for Schellingstraße
2024-11-15 16:10:09,744 - data_fetcher - INFO - Added 0 canteen images for Martinsried
2024-11-15 16:10:09,747 - data_fetcher - INFO - Added 0 canteen images for Adalbertstraße
2024-11-15 16:10:09,752 - data_fetcher - INFO - Added 0 canteen images for Akademie Weihenstephan
2024-11-15 16:10:09,755 - data_fetcher - INFO - Added 0 canteen images for Weihenstephan-Maximus
2024-11-15 16:10:09,759 - data_fetcher - INFO - Added 0 canteen images for Boltzmannstraße
2024-11-15 16:10:09,763 - data_fetcher - INFO - Added 0 canteen images for Connollystraße
2024-11-15 16:10:09,768 - data_fetcher - INFO - Added 0 canteen images for Garching
2024-11-15 16:10:09,771 - data_fetcher - INFO - Added 0 canteen images for Karlstraße
2024-11-15 16:10:09,775 - data_fetcher - INFO - Added 0 canteen images for Pasing
2024-11-15 16:10:09,778 - data_fetcher - INFO - Added 0 canteen images for IPP Garching
2024-11-15 16:10:09,782 - data_fetcher - INFO - Added 0 canteen images for FMI Garching
2024-11-15 16:10:09,786 - data_fetcher - INFO - Added 0 canteen images for Mediziner
2024-11-15 16:10:09,791 - data_fetcher - INFO - Added 0 canteen images for Straubing
2024-11-15 16:10:09,795 - data_fetcher - INFO - Added 0 canteen images for Buildungscampus Heilbronn
2024-11-15 16:10:09,798 - data_fetcher - INFO - Canteen data updated successfully!
2024-11-15 16:10:09,858 - data_fetcher - INFO - Successfully fetched menu data from TUM API: 200
2024-11-15 16:10:09,858 - data_fetcher - INFO - Storing menu data for canteen mensa-arcisstr
2024-11-15 16:10:09,858 - data_fetcher - INFO - Storing menu data for canteen mensa-arcisstr for week 46 of year 2024
2024-11-15 16:10:09,883 - data_fetcher - INFO - Menu data stored successfully.
2024-11-15 16:10:09,942 - data_fetcher - INFO - Successfully fetched menu data from TUM API: 200
2024-11-15 16:10:09,942 - data_fetcher - INFO - Storing menu data for canteen mensa-arcisstr
2024-11-15 16:10:09,943 - data_fetcher - INFO - Storing menu data for canteen mensa-arcisstr for week 47 of year 2024
2024-11-15 16:10:10,007 - data_fetcher - INFO - Menu data stored successfully.
2024-11-15 16:10:10,076 - data_fetcher - INFO - Successfully fetched menu data from TUM API: 200
2024-11-15 16:10:10,076 - data_fetcher - INFO - Storing menu data for canteen mensa-arcisstr
2024-11-15 16:10:10,077 - data_fetcher - INFO - Storing menu data for canteen mensa-arcisstr for week 48 of year 2024
2024-11-15 16:10:10,118 - data_fetcher - INFO - Menu data stored successfully.
2024-11-15 16:10:10,185 - data_fetcher - INFO - Successfully fetched menu data from TUM API: 200
2024-11-15 16:10:10,186 - data_fetcher - INFO - Storing menu data for canteen mensa-leopoldstr
2024-11-15 16:10:10,186 - data_fetcher - INFO - Storing menu data for canteen mensa-leopoldstr for week 46 of year 2024
2024-11-15 16:10:10,211 - data_fetcher - INFO - Menu data stored successfully.
2024-11-15 16:10:10,269 - data_fetcher - INFO - Successfully fetched menu data from TUM API: 200
2024-11-15 16:10:10,269 - data_fetcher - INFO - Storing menu data for canteen mensa-leopoldstr
2024-11-15 16:10:10,269 - data_fetcher - INFO - Storing menu data for canteen mensa-leopoldstr for week 47 of year 2024
2024-11-15 16:10:10,323 - data_fetcher - INFO - Menu data stored successfully.
2024-11-15 16:10:10,386 - data_fetcher - INFO - Successfully fetched menu data from TUM API: 200
2024-11-15 16:10:10,386 - data_fetcher - INFO - Storing menu data for canteen mensa-leopoldstr
2024-11-15 16:10:10,387 - data_fetcher - INFO - Storing menu data for canteen mensa-leopoldstr for week 48 of year 2024
2024-11-15 16:10:10,437 - data_fetcher - INFO - Menu data stored successfully.
2024-11-15 16:10:10,502 - data_fetcher - INFO - Successfully fetched menu data from TUM API: 200
2024-11-15 16:10:10,503 - data_fetcher - INFO - Storing menu data for canteen stubistro-schellingstr
2024-11-15 16:10:10,503 - data_fetcher - INFO - Storing menu data for canteen stubistro-schellingstr for week 46 of year 2024
2024-11-15 16:10:10,516 - data_fetcher - INFO - Menu data stored successfully.
2024-11-15 16:10:10,576 - data_fetcher - INFO - Successfully fetched menu data from TUM API: 200
2024-11-15 16:10:10,576 - data_fetcher - INFO - Storing menu data for canteen stubistro-schellingstr
2024-11-15 16:10:10,577 - data_fetcher - INFO - Storing menu data for canteen stubistro-schellingstr for week 47 of year 2024
2024-11-15 16:10:10,599 - data_fetcher - INFO - Menu data stored successfully.
2024-11-15 16:10:10,663 - data_fetcher - INFO - Successfully fetched menu data from TUM API: 200
2024-11-15 16:10:10,663 - data_fetcher - INFO - Storing menu data for canteen stubistro-schellingstr
2024-11-15 16:10:10,664 - data_fetcher - INFO - Storing menu data for canteen stubistro-schellingstr for week 48 of year 2024
2024-11-15 16:10:10,683 - data_fetcher - INFO - Menu data stored successfully.
2024-11-15 16:16:46,922 - data_fetcher - INFO - Updating canteen data...
2024-11-15 16:16:47,016 - data_fetcher - INFO - Successfully fetched canteen data from TUM API: 200
2024-11-15 16:16:47,016 - data_fetcher - INFO - Storing canteen data...
2024-11-15 16:16:47,034 - data_fetcher - ERROR - Error while storing canteen data: 'str' object has no attribute 'name'
2024-11-15 16:16:47,034 - data_fetcher - ERROR - Error while updating canteen database: Error while storing canteen data: 'str' object has no attribute 'name'
2024-11-15 16:16:47,103 - data_fetcher - INFO - Successfully fetched menu data from TUM API: 200
2024-11-15 16:16:47,104 - data_fetcher - INFO - Storing menu data for canteen mensa-arcisstr
2024-11-15 16:16:47,104 - data_fetcher - INFO - Storing menu data for canteen mensa-arcisstr for week 46 of year 2024
2024-11-15 16:16:47,136 - data_fetcher - INFO - Menu data stored successfully.
2024-11-15 16:16:47,204 - data_fetcher - INFO - Successfully fetched menu data from TUM API: 200
2024-11-15 16:16:47,204 - data_fetcher - INFO - Storing menu data for canteen mensa-arcisstr
2024-11-15 16:16:47,205 - data_fetcher - INFO - Storing menu data for canteen mensa-arcisstr for week 47 of year 2024
2024-11-15 16:16:47,264 - data_fetcher - INFO - Menu data stored successfully.
2024-11-15 16:16:47,436 - data_fetcher - INFO - Successfully fetched menu data from TUM API: 200
2024-11-15 16:16:47,436 - data_fetcher - INFO - Storing menu data for canteen mensa-arcisstr
2024-11-15 16:16:47,436 - data_fetcher - INFO - Storing menu data for canteen mensa-arcisstr for week 48 of year 2024
2024-11-15 16:16:47,487 - data_fetcher - INFO - Menu data stored successfully.
2024-11-15 16:16:47,550 - data_fetcher - INFO - Successfully fetched menu data from TUM API: 200
2024-11-15 16:16:47,551 - data_fetcher - INFO - Storing menu data for canteen mensa-leopoldstr
2024-11-15 16:16:47,551 - data_fetcher - INFO - Storing menu data for canteen mensa-leopoldstr for week 46 of year 2024
2024-11-15 16:16:47,572 - data_fetcher - INFO - Menu data stored successfully.
2024-11-15 16:16:47,637 - data_fetcher - INFO - Successfully fetched menu data from TUM API: 200
2024-11-15 16:16:47,638 - data_fetcher - INFO - Storing menu data for canteen mensa-leopoldstr
2024-11-15 16:16:47,638 - data_fetcher - INFO - Storing menu data for canteen mensa-leopoldstr for week 47 of year 2024
2024-11-15 16:16:47,879 - data_fetcher - INFO - Menu data stored successfully.
2024-11-15 16:16:48,071 - data_fetcher - INFO - Successfully fetched menu data from TUM API: 200
2024-11-15 16:16:48,071 - data_fetcher - INFO - Storing menu data for canteen mensa-leopoldstr
2024-11-15 16:16:48,072 - data_fetcher - INFO - Storing menu data for canteen mensa-leopoldstr for week 48 of year 2024
2024-11-15 16:16:48,136 - data_fetcher - INFO - Menu data stored successfully.
2024-11-15 16:16:48,298 - data_fetcher - INFO - Successfully fetched menu data from TUM API: 200
2024-11-15 16:16:48,298 - data_fetcher - INFO - Storing menu data for canteen stubistro-schellingstr
2024-11-15 16:16:48,299 - data_fetcher - INFO - Storing menu data for canteen stubistro-schellingstr for week 46 of year 2024
2024-11-15 16:16:48,312 - data_fetcher - INFO - Menu data stored successfully.
2024-11-15 16:16:48,483 - data_fetcher - INFO - Successfully fetched menu data from TUM API: 200
2024-11-15 16:16:48,484 - data_fetcher - INFO - Storing menu data for canteen stubistro-schellingstr
2024-11-15 16:16:48,484 - data_fetcher - INFO - Storing menu data for canteen stubistro-schellingstr for week 47 of year 2024
2024-11-15 16:16:48,520 - data_fetcher - INFO - Menu data stored successfully.
2024-11-15 16:16:48,690 - data_fetcher - INFO - Successfully fetched menu data from TUM API: 200
2024-11-15 16:16:48,690 - data_fetcher - INFO - Storing menu data for canteen stubistro-schellingstr
2024-11-15 16:16:48,690 - data_fetcher - INFO - Storing menu data for canteen stubistro-schellingstr for week 48 of year 2024
2024-11-15 16:16:48,713 - data_fetcher - INFO - Menu data stored successfully.
2024-11-15 16:23:04,912 - data_fetcher - INFO - Updating canteen data...
2024-11-15 16:23:05,104 - data_fetcher - INFO - Successfully fetched canteen data from TUM API: 200
2024-11-15 16:23:05,105 - data_fetcher - INFO - Storing canteen data...
2024-11-15 16:23:05,120 - data_fetcher - INFO - Added 2 canteen images for Arcisstraße
2024-11-15 16:23:05,133 - data_fetcher - INFO - Added 2 canteen images for Garching
2024-11-15 16:23:05,139 - data_fetcher - INFO - Added 2 canteen images for Leopoldstraße
2024-11-15 16:23:05,144 - data_fetcher - INFO - Added 2 canteen images for Lothstraße
2024-11-15 16:23:05,151 - data_fetcher - INFO - Added 2 canteen images for Martinsried
2024-11-15 16:23:05,156 - data_fetcher - INFO - Added 1 canteen images for Pasing
2024-11-15 16:23:05,161 - data_fetcher - INFO - Added 2 canteen images for Weihenstephan
2024-11-15 16:23:05,167 - data_fetcher - INFO - Added 1 canteen images for Arcisstraße
2024-11-15 16:23:05,174 - data_fetcher - INFO - Added 0 canteen images for Goethestraße
2024-11-15 16:23:05,181 - data_fetcher - INFO - Added 0 canteen images for Butenandstraße
2024-11-15 16:23:05,186 - data_fetcher - INFO - Added 0 canteen images for Rosenheim
2024-11-15 16:23:05,191 - data_fetcher - INFO - Added 0 canteen images for Schellingstraße
2024-11-15 16:23:05,196 - data_fetcher - INFO - Added 0 canteen images for Martinsried
2024-11-15 16:23:05,201 - data_fetcher - INFO - Added 0 canteen images for Adalbertstraße
2024-11-15 16:23:05,206 - data_fetcher - INFO - Added 0 canteen images for Akademie Weihenstephan
2024-11-15 16:23:05,211 - data_fetcher - INFO - Added 0 canteen images for Weihenstephan-Maximus
2024-11-15 16:23:05,216 - data_fetcher - INFO - Added 0 canteen images for Boltzmannstraße
2024-11-15 16:23:05,220 - data_fetcher - INFO - Added 0 canteen images for Connollystraße
2024-11-15 16:23:05,224 - data_fetcher - INFO - Added 0 canteen images for Garching
2024-11-15 16:23:05,229 - data_fetcher - INFO - Added 0 canteen images for Karlstraße
2024-11-15 16:23:05,233 - data_fetcher - INFO - Added 0 canteen images for Pasing
2024-11-15 16:23:05,238 - data_fetcher - INFO - Added 0 canteen images for IPP Garching
2024-11-15 16:23:05,243 - data_fetcher - INFO - Added 0 canteen images for FMI Garching
2024-11-15 16:23:05,248 - data_fetcher - INFO - Added 0 canteen images for Mediziner
2024-11-15 16:23:05,252 - data_fetcher - INFO - Added 0 canteen images for Straubing
2024-11-15 16:23:05,255 - data_fetcher - INFO - Added 0 canteen images for Buildungscampus Heilbronn
2024-11-15 16:23:05,258 - data_fetcher - INFO - Canteen data updated successfully!
2024-11-15 16:23:05,331 - data_fetcher - INFO - Successfully fetched menu data from TUM API: 200
2024-11-15 16:23:05,332 - data_fetcher - INFO - Storing menu data for canteen mensa-arcisstr
2024-11-15 16:23:05,332 - data_fetcher - INFO - Storing menu data for canteen mensa-arcisstr for week 46 of year 2024
2024-11-15 16:23:05,359 - data_fetcher - INFO - Menu data stored successfully.
2024-11-15 16:23:05,428 - data_fetcher - INFO - Successfully fetched menu data from TUM API: 200
2024-11-15 16:23:05,429 - data_fetcher - INFO - Storing menu data for canteen mensa-arcisstr
2024-11-15 16:23:05,429 - data_fetcher - INFO - Storing menu data for canteen mensa-arcisstr for week 47 of year 2024
2024-11-15 16:23:05,495 - data_fetcher - INFO - Menu data stored successfully.
2024-11-15 16:23:05,558 - data_fetcher - INFO - Successfully fetched menu data from TUM API: 200
2024-11-15 16:23:05,559 - data_fetcher - INFO - Storing menu data for canteen mensa-arcisstr
2024-11-15 16:23:05,559 - data_fetcher - INFO - Storing menu data for canteen mensa-arcisstr for week 48 of year 2024
2024-11-15 16:23:05,608 - data_fetcher - INFO - Menu data stored successfully.
2024-11-15 16:23:05,660 - data_fetcher - INFO - Successfully fetched menu data from TUM API: 200
2024-11-15 16:23:05,661 - data_fetcher - INFO - Storing menu data for canteen mensa-leopoldstr
2024-11-15 16:23:05,661 - data_fetcher - INFO - Storing menu data for canteen mensa-leopoldstr for week 46 of year 2024
2024-11-15 16:23:05,683 - data_fetcher - INFO - Menu data stored successfully.
2024-11-15 16:23:05,743 - data_fetcher - INFO - Successfully fetched menu data from TUM API: 200
2024-11-15 16:23:05,744 - data_fetcher - INFO - Storing menu data for canteen mensa-leopoldstr
2024-11-15 16:23:05,744 - data_fetcher - INFO - Storing menu data for canteen mensa-leopoldstr for week 47 of year 2024
2024-11-15 16:23:05,800 - data_fetcher - INFO - Menu data stored successfully.
2024-11-15 16:23:05,866 - data_fetcher - INFO - Successfully fetched menu data from TUM API: 200
2024-11-15 16:23:05,866 - data_fetcher - INFO - Storing menu data for canteen mensa-leopoldstr
2024-11-15 16:23:05,867 - data_fetcher - INFO - Storing menu data for canteen mensa-leopoldstr for week 48 of year 2024
2024-11-15 16:23:05,915 - data_fetcher - INFO - Menu data stored successfully.
2024-11-15 16:23:05,980 - data_fetcher - INFO - Successfully fetched menu data from TUM API: 200
2024-11-15 16:23:05,981 - data_fetcher - INFO - Storing menu data for canteen stubistro-schellingstr
2024-11-15 16:23:05,981 - data_fetcher - INFO - Storing menu data for canteen stubistro-schellingstr for week 46 of year 2024
2024-11-15 16:23:05,992 - data_fetcher - INFO - Menu data stored successfully.
2024-11-15 16:23:06,051 - data_fetcher - INFO - Successfully fetched menu data from TUM API: 200
2024-11-15 16:23:06,052 - data_fetcher - INFO - Storing menu data for canteen stubistro-schellingstr
2024-11-15 16:23:06,052 - data_fetcher - INFO - Storing menu data for canteen stubistro-schellingstr for week 47 of year 2024
2024-11-15 16:23:06,071 - data_fetcher - INFO - Menu data stored successfully.
2024-11-15 16:23:06,131 - data_fetcher - INFO - Successfully fetched menu data from TUM API: 200
2024-11-15 16:23:06,132 - data_fetcher - INFO - Storing menu data for canteen stubistro-schellingstr
2024-11-15 16:23:06,132 - data_fetcher - INFO - Storing menu data for canteen stubistro-schellingstr for week 48 of year 2024
2024-11-15 16:23:06,149 - data_fetcher - INFO - Menu data stored successfully.
2024-11-15 16:26:31,657 - data_fetcher - INFO - Updating canteen data...
2024-11-15 16:26:31,728 - data_fetcher - INFO - Successfully fetched canteen data from TUM API: 200
2024-11-15 16:26:31,728 - data_fetcher - INFO - Storing canteen data...
2024-11-15 16:26:31,748 - data_fetcher - INFO - Added 2 canteen images for Arcisstraße
2024-11-15 16:26:31,762 - data_fetcher - INFO - Added 2 canteen images for Garching
2024-11-15 16:26:31,768 - data_fetcher - INFO - Added 2 canteen images for Leopoldstraße
2024-11-15 16:26:31,773 - data_fetcher - INFO - Added 2 canteen images for Lothstraße
2024-11-15 16:26:31,779 - data_fetcher - INFO - Added 2 canteen images for Martinsried
2024-11-15 16:26:31,786 - data_fetcher - INFO - Added 1 canteen images for Pasing
2024-11-15 16:26:31,792 - data_fetcher - INFO - Added 2 canteen images for Weihenstephan
2024-11-15 16:26:31,799 - data_fetcher - INFO - Added 1 canteen images for Arcisstraße
2024-11-15 16:26:31,804 - data_fetcher - INFO - Added 0 canteen images for Goethestraße
2024-11-15 16:26:31,808 - data_fetcher - INFO - Added 0 canteen images for Butenandstraße
2024-11-15 16:26:31,812 - data_fetcher - INFO - Added 0 canteen images for Rosenheim
2024-11-15 16:26:31,817 - data_fetcher - INFO - Added 0 canteen images for Schellingstraße
2024-11-15 16:26:31,822 - data_fetcher - INFO - Added 0 canteen images for Martinsried
2024-11-15 16:26:31,827 - data_fetcher - INFO - Added 0 canteen images for Adalbertstraße
2024-11-15 16:26:31,831 - data_fetcher - INFO - Added 0 canteen images for Akademie Weihenstephan
2024-11-15 16:26:31,836 - data_fetcher - INFO - Added 0 canteen images for Weihenstephan-Maximus
2024-11-15 16:26:31,839 - data_fetcher - INFO - Added 0 canteen images for Boltzmannstraße
2024-11-15 16:26:31,843 - data_fetcher - INFO - Added 0 canteen images for Connollystraße
2024-11-15 16:26:31,848 - data_fetcher - INFO - Added 0 canteen images for Garching
2024-11-15 16:26:31,852 - data_fetcher - INFO - Added 0 canteen images for Karlstraße
2024-11-15 16:26:31,856 - data_fetcher - INFO - Added 0 canteen images for Pasing
2024-11-15 16:26:31,860 - data_fetcher - INFO - Added 0 canteen images for IPP Garching
2024-11-15 16:26:31,864 - data_fetcher - INFO - Added 0 canteen images for FMI Garching
2024-11-15 16:26:31,869 - data_fetcher - INFO - Added 0 canteen images for Mediziner
2024-11-15 16:26:31,873 - data_fetcher - INFO - Added 0 canteen images for Straubing
2024-11-15 16:26:31,878 - data_fetcher - INFO - Added 0 canteen images for Buildungscampus Heilbronn
2024-11-15 16:26:31,881 - data_fetcher - INFO - Canteen data updated successfully!
2024-11-15 16:26:31,948 - data_fetcher - INFO - Successfully fetched menu data from TUM API: 200
2024-11-15 16:26:31,948 - data_fetcher - INFO - Storing menu data for canteen mensa-arcisstr
2024-11-15 16:26:31,949 - data_fetcher - INFO - Storing menu data for canteen mensa-arcisstr for week 46 of year 2024
2024-11-15 16:26:31,969 - data_fetcher - INFO - Menu data stored successfully.
2024-11-15 16:26:32,029 - data_fetcher - INFO - Successfully fetched menu data from TUM API: 200
2024-11-15 16:26:32,030 - data_fetcher - INFO - Storing menu data for canteen mensa-arcisstr
2024-11-15 16:26:32,030 - data_fetcher - INFO - Storing menu data for canteen mensa-arcisstr for week 47 of year 2024
2024-11-15 16:26:32,083 - data_fetcher - INFO - Menu data stored successfully.
2024-11-15 16:26:32,143 - data_fetcher - INFO - Successfully fetched menu data from TUM API: 200
2024-11-15 16:26:32,143 - data_fetcher - INFO - Storing menu data for canteen mensa-arcisstr
2024-11-15 16:26:32,143 - data_fetcher - INFO - Storing menu data for canteen mensa-arcisstr for week 48 of year 2024
2024-11-15 16:26:32,180 - data_fetcher - INFO - Menu data stored successfully.
2024-11-15 16:26:32,345 - data_fetcher - INFO - Successfully fetched menu data from TUM API: 200
2024-11-15 16:26:32,345 - data_fetcher - INFO - Storing menu data for canteen mensa-leopoldstr
2024-11-15 16:26:32,345 - data_fetcher - INFO - Storing menu data for canteen mensa-leopoldstr for week 46 of year 2024
2024-11-15 16:26:32,371 - data_fetcher - INFO - Menu data stored successfully.
2024-11-15 16:26:32,531 - data_fetcher - INFO - Successfully fetched menu data from TUM API: 200
2024-11-15 16:26:32,531 - data_fetcher - INFO - Storing menu data for canteen mensa-leopoldstr
2024-11-15 16:26:32,531 - data_fetcher - INFO - Storing menu data for canteen mensa-leopoldstr for week 47 of year 2024
2024-11-15 16:26:32,580 - data_fetcher - INFO - Menu data stored successfully.
2024-11-15 16:26:32,639 - data_fetcher - INFO - Successfully fetched menu data from TUM API: 200
2024-11-15 16:26:32,639 - data_fetcher - INFO - Storing menu data for canteen mensa-leopoldstr
2024-11-15 16:26:32,640 - data_fetcher - INFO - Storing menu data for canteen mensa-leopoldstr for week 48 of year 2024
2024-11-15 16:26:32,685 - data_fetcher - INFO - Menu data stored successfully.
2024-11-15 16:26:32,748 - data_fetcher - INFO - Successfully fetched menu data from TUM API: 200
2024-11-15 16:26:32,749 - data_fetcher - INFO - Storing menu data for canteen stubistro-schellingstr
2024-11-15 16:26:32,749 - data_fetcher - INFO - Storing menu data for canteen stubistro-schellingstr for week 46 of year 2024
2024-11-15 16:26:32,765 - data_fetcher - INFO - Menu data stored successfully.
2024-11-15 16:26:32,826 - data_fetcher - INFO - Successfully fetched menu data from TUM API: 200
2024-11-15 16:26:32,826 - data_fetcher - INFO - Storing menu data for canteen stubistro-schellingstr
2024-11-15 16:26:32,827 - data_fetcher - INFO - Storing menu data for canteen stubistro-schellingstr for week 47 of year 2024
2024-11-15 16:26:32,848 - data_fetcher - INFO - Menu data stored successfully.
2024-11-15 16:26:32,912 - data_fetcher - INFO - Successfully fetched menu data from TUM API: 200
2024-11-15 16:26:32,913 - data_fetcher - INFO - Storing menu data for canteen stubistro-schellingstr
2024-11-15 16:26:32,913 - data_fetcher - INFO - Storing menu data for canteen stubistro-schellingstr for week 48 of year 2024
2024-11-15 16:26:32,935 - data_fetcher - INFO - Menu data stored successfully.
2024-11-15 16:27:58,275 - data_fetcher - INFO - Updating canteen data...
2024-11-15 16:27:58,349 - data_fetcher - INFO - Successfully fetched canteen data from TUM API: 200
2024-11-15 16:27:58,350 - data_fetcher - INFO - Storing canteen data...
2024-11-15 16:27:58,369 - data_fetcher - INFO - Added 2 canteen images for Mensa Pasing
2024-11-15 16:27:58,382 - data_fetcher - INFO - Added 2 canteen images for Mensa Pasing
2024-11-15 16:27:58,389 - data_fetcher - INFO - Added 2 canteen images for Mensa Pasing
2024-11-15 16:27:58,395 - data_fetcher - INFO - Added 2 canteen images for Mensa Pasing
2024-11-15 16:27:58,401 - data_fetcher - INFO - Added 2 canteen images for Mensa Pasing
2024-11-15 16:27:58,409 - data_fetcher - INFO - Added 1 canteen images for Mensa Pasing
2024-11-15 16:27:58,415 - data_fetcher - INFO - Added 2 canteen images for Mensa Pasing
2024-11-15 16:27:58,421 - data_fetcher - INFO - Added 1 canteen images for Mensa Pasing
2024-11-15 16:27:58,426 - data_fetcher - INFO - Added 0 canteen images for Mensa Pasing
2024-11-15 16:27:58,431 - data_fetcher - INFO - Added 0 canteen images for Mensa Pasing
2024-11-15 16:27:58,436 - data_fetcher - INFO - Added 0 canteen images for Mensa Pasing
2024-11-15 16:27:58,442 - data_fetcher - INFO - Added 0 canteen images for Mensa Pasing
2024-11-15 16:27:58,447 - data_fetcher - INFO - Added 0 canteen images for Mensa Pasing
2024-11-15 16:27:58,452 - data_fetcher - INFO - Added 0 canteen images for Mensa Pasing
2024-11-15 16:27:58,458 - data_fetcher - INFO - Added 0 canteen images for Mensa Pasing
2024-11-15 16:27:58,464 - data_fetcher - INFO - Added 0 canteen images for Mensa Pasing
2024-11-15 16:27:58,468 - data_fetcher - INFO - Added 0 canteen images for Mensa Pasing
2024-11-15 16:27:58,474 - data_fetcher - INFO - Added 0 canteen images for Mensa Pasing
2024-11-15 16:27:58,479 - data_fetcher - INFO - Added 0 canteen images for Mensa Pasing
2024-11-15 16:27:58,483 - data_fetcher - INFO - Added 0 canteen images for Mensa Pasing
2024-11-15 16:27:58,488 - data_fetcher - INFO - Added 0 canteen images for Mensa Pasing
2024-11-15 16:27:58,493 - data_fetcher - INFO - Added 0 canteen images for Mensa Pasing
2024-11-15 16:27:58,498 - data_fetcher - INFO - Added 0 canteen images for Mensa Pasing
2024-11-15 16:27:58,503 - data_fetcher - INFO - Added 0 canteen images for Mensa Pasing
2024-11-15 16:27:58,509 - data_fetcher - INFO - Added 0 canteen images for Mensa Pasing
2024-11-15 16:27:58,514 - data_fetcher - INFO - Added 0 canteen images for Mensa Pasing
2024-11-15 16:27:58,518 - data_fetcher - INFO - Canteen data updated successfully!
2024-11-15 16:27:58,577 - data_fetcher - INFO - Successfully fetched menu data from TUM API: 200
2024-11-15 16:27:58,577 - data_fetcher - INFO - Storing menu data for canteen mensa-arcisstr
2024-11-15 16:27:58,578 - data_fetcher - INFO - Storing menu data for canteen mensa-arcisstr for week 46 of year 2024
2024-11-15 16:27:58,603 - data_fetcher - INFO - Menu data stored successfully.
2024-11-15 16:27:58,667 - data_fetcher - INFO - Successfully fetched menu data from TUM API: 200
2024-11-15 16:27:58,667 - data_fetcher - INFO - Storing menu data for canteen mensa-arcisstr
2024-11-15 16:27:58,667 - data_fetcher - INFO - Storing menu data for canteen mensa-arcisstr for week 47 of year 2024
2024-11-15 16:27:58,734 - data_fetcher - INFO - Menu data stored successfully.
2024-11-15 16:27:58,906 - data_fetcher - INFO - Successfully fetched menu data from TUM API: 200
2024-11-15 16:27:58,907 - data_fetcher - INFO - Storing menu data for canteen mensa-arcisstr
2024-11-15 16:27:58,907 - data_fetcher - INFO - Storing menu data for canteen mensa-arcisstr for week 48 of year 2024
2024-11-15 16:27:58,965 - data_fetcher - INFO - Menu data stored successfully.
2024-11-15 16:27:59,026 - data_fetcher - INFO - Successfully fetched menu data from TUM API: 200
2024-11-15 16:27:59,026 - data_fetcher - INFO - Storing menu data for canteen mensa-leopoldstr
2024-11-15 16:27:59,027 - data_fetcher - INFO - Storing menu data for canteen mensa-leopoldstr for week 46 of year 2024
2024-11-15 16:27:59,054 - data_fetcher - INFO - Menu data stored successfully.
2024-11-15 16:27:59,214 - data_fetcher - INFO - Successfully fetched menu data from TUM API: 200
2024-11-15 16:27:59,215 - data_fetcher - INFO - Storing menu data for canteen mensa-leopoldstr
2024-11-15 16:27:59,215 - data_fetcher - INFO - Storing menu data for canteen mensa-leopoldstr for week 47 of year 2024
2024-11-15 16:27:59,384 - data_fetcher - INFO - Menu data stored successfully.
2024-11-15 16:27:59,560 - data_fetcher - INFO - Successfully fetched menu data from TUM API: 200
2024-11-15 16:27:59,561 - data_fetcher - INFO - Storing menu data for canteen mensa-leopoldstr
2024-11-15 16:27:59,561 - data_fetcher - INFO - Storing menu data for canteen mensa-leopoldstr for week 48 of year 2024
2024-11-15 16:27:59,616 - data_fetcher - INFO - Menu data stored successfully.
2024-11-15 16:27:59,778 - data_fetcher - INFO - Successfully fetched menu data from TUM API: 200
2024-11-15 16:27:59,779 - data_fetcher - INFO - Storing menu data for canteen stubistro-schellingstr
2024-11-15 16:27:59,779 - data_fetcher - INFO - Storing menu data for canteen stubistro-schellingstr for week 46 of year 2024
2024-11-15 16:27:59,795 - data_fetcher - INFO - Menu data stored successfully.
2024-11-15 16:27:59,960 - data_fetcher - INFO - Successfully fetched menu data from TUM API: 200
2024-11-15 16:27:59,961 - data_fetcher - INFO - Storing menu data for canteen stubistro-schellingstr
2024-11-15 16:27:59,961 - data_fetcher - INFO - Storing menu data for canteen stubistro-schellingstr for week 47 of year 2024
2024-11-15 16:27:59,990 - data_fetcher - INFO - Menu data stored successfully.
2024-11-15 16:28:00,155 - data_fetcher - INFO - Successfully fetched menu data from TUM API: 200
2024-11-15 16:28:00,156 - data_fetcher - INFO - Storing menu data for canteen stubistro-schellingstr
2024-11-15 16:28:00,156 - data_fetcher - INFO - Storing menu data for canteen stubistro-schellingstr for week 48 of year 2024
2024-11-15 16:28:00,193 - data_fetcher - INFO - Menu data stored successfully.
